[1633190143] Nagios 4.4.6 starting... (PID=26)
[1633190143] Local time is Sat Oct 02 15:55:43 UTC 2021
[1633190143] LOG VERSION: 2.0
[1633190143] qh: Socket '/opt/nagios/var/rw/nagios.qh' successfully initialized
[1633190143] qh: core query handler registered
[1633190143] qh: echo service query handler registered
[1633190143] qh: help for the query handler registered
[1633190143] wproc: Successfully registered manager as @wproc with query handler
[1633190143] wproc: Registry request: name=Core Worker 59;pid=59
[1633190143] wproc: Registry request: name=Core Worker 61;pid=61
[1633190143] wproc: Registry request: name=Core Worker 60;pid=60
[1633190143] wproc: Registry request: name=Core Worker 58;pid=58
[1633190143] Successfully launched command file worker with pid 62
[1633190271] SERVICE ALERT: localhost;HTTP;WARNING;SOFT;1;HTTP WARNING: HTTP/1.1 401 Unauthorized - 695 bytes in 0.001 second response time
[1633190331] SERVICE ALERT: localhost;HTTP;WARNING;SOFT;2;HTTP WARNING: HTTP/1.1 401 Unauthorized - 695 bytes in 0.001 second response time
[1633190391] SERVICE ALERT: localhost;HTTP;WARNING;SOFT;3;HTTP WARNING: HTTP/1.1 401 Unauthorized - 695 bytes in 0.001 second response time
[1633190400] SERVICE ALERT: localhost;Swap Usage;CRITICAL;SOFT;1;SWAP CRITICAL - 0% free (0 MB out of 0 MB) - Swap is either disabled, not present, or of zero size.
[1633190451] SERVICE ALERT: localhost;HTTP;WARNING;HARD;4;HTTP WARNING: HTTP/1.1 401 Unauthorized - 695 bytes in 0.001 second response time
[1633190460] SERVICE ALERT: localhost;Swap Usage;CRITICAL;SOFT;2;SWAP CRITICAL - 0% free (0 MB out of 0 MB) - Swap is either disabled, not present, or of zero size.
[1633190520] SERVICE ALERT: localhost;Swap Usage;CRITICAL;SOFT;3;SWAP CRITICAL - 0% free (0 MB out of 0 MB) - Swap is either disabled, not present, or of zero size.
[1633190580] SERVICE NOTIFICATION: nagiosadmin;localhost;Swap Usage;CRITICAL;notify-service-by-email;SWAP CRITICAL - 0% free (0 MB out of 0 MB) - Swap is either disabled, not present, or of zero size.
[1633190580] SERVICE ALERT: localhost;Swap Usage;CRITICAL;HARD;4;SWAP CRITICAL - 0% free (0 MB out of 0 MB) - Swap is either disabled, not present, or of zero size.
[1633193743] Auto-save of retention data completed successfully.
[1633194180] SERVICE NOTIFICATION: nagiosadmin;localhost;Swap Usage;CRITICAL;notify-service-by-email;SWAP CRITICAL - 0% free (0 MB out of 0 MB) - Swap is either disabled, not present, or of zero size.
[1633197343] Auto-save of retention data completed successfully.
[1633197780] SERVICE NOTIFICATION: nagiosadmin;localhost;Swap Usage;CRITICAL;notify-service-by-email;SWAP CRITICAL - 0% free (0 MB out of 0 MB) - Swap is either disabled, not present, or of zero size.
[1633200943] Auto-save of retention data completed successfully.
[1633201380] SERVICE NOTIFICATION: nagiosadmin;localhost;Swap Usage;CRITICAL;notify-service-by-email;SWAP CRITICAL - 0% free (0 MB out of 0 MB) - Swap is either disabled, not present, or of zero size.
[1633204543] Auto-save of retention data completed successfully.
[1633204980] SERVICE NOTIFICATION: nagiosadmin;localhost;Swap Usage;CRITICAL;notify-service-by-email;SWAP CRITICAL - 0% free (0 MB out of 0 MB) - Swap is either disabled, not present, or of zero size.
[1633208143] Auto-save of retention data completed successfully.
[1633208580] SERVICE NOTIFICATION: nagiosadmin;localhost;Swap Usage;CRITICAL;notify-service-by-email;SWAP CRITICAL - 0% free (0 MB out of 0 MB) - Swap is either disabled, not present, or of zero size.
[1633211743] Auto-save of retention data completed successfully.
[1633212180] SERVICE NOTIFICATION: nagiosadmin;localhost;Swap Usage;CRITICAL;notify-service-by-email;SWAP CRITICAL - 0% free (0 MB out of 0 MB) - Swap is either disabled, not present, or of zero size.
[1633215343] Auto-save of retention data completed successfully.
[1633215780] SERVICE NOTIFICATION: nagiosadmin;localhost;Swap Usage;CRITICAL;notify-service-by-email;SWAP CRITICAL - 0% free (0 MB out of 0 MB) - Swap is either disabled, not present, or of zero size.
[1633218943] Auto-save of retention data completed successfully.
